<?xml version="1.0" encoding="UTF-8"?>
<testng-results skipped="0" failed="0" ignored="0" total="1" passed="1">
  <reporter-output>
  </reporter-output>
  <suite name="smoke Suite" duration-ms="26768" started-at="2021-01-10T19:48:20 CST" finished-at="2021-01-10T19:48:46 CST">
    <groups>
      <group name="cucumber">
        <method signature="AbstractTestNGCucumberTests.feature(cucumber.api.testng.CucumberFeatureWrapper)[pri:0, instance:TestRunner.Login_TestRunner@76b0bfab]" name="feature" class="cucumber.api.testng.AbstractTestNGCucumberTests"/>
      </group> <!-- cucumber -->
    </groups>
    <test name="Login Test" duration-ms="26768" started-at="2021-01-10T19:48:20 CST" finished-at="2021-01-10T19:48:46 CST">
      <class name="TestRunner.Login_TestRunner">
        <test-method status="PASS" signature="setUpClass()[pri:0, instance:TestRunner.Login_TestRunner@76b0bfab]" name="setUpClass" is-config="true" duration-ms="215" started-at="2021-01-10T19:48:20 CST" finished-at="2021-01-10T19:48:20 CST">
          <reporter-output>
          </reporter-output>
        </test-method> <!-- setUpClass -->
        <test-method status="PASS" signature="feature(cucumber.api.testng.CucumberFeatureWrapper)[pri:0, instance:TestRunner.Login_TestRunner@76b0bfab]" name="feature" duration-ms="26457" started-at="2021-01-10T19:48:20 CST" description="Runs Cucumber Feature" data-provider="features" finished-at="2021-01-10T19:48:46 CST">
          <params>
            <param index="0">
              <value>
                <![CDATA[Login functionality]]>
              </value>
            </param>
          </params>
          <reporter-output>
          </reporter-output>
        </test-method> <!-- feature -->
        <test-method status="PASS" signature="tearDownClass()[pri:0, instance:TestRunner.Login_TestRunner@76b0bfab]" name="tearDownClass" is-config="true" duration-ms="11" started-at="2021-01-10T19:48:46 CST" finished-at="2021-01-10T19:48:46 CST">
          <reporter-output>
          </reporter-output>
        </test-method> <!-- tearDownClass -->
      </class> <!-- TestRunner.Login_TestRunner -->
    </test> <!-- Login Test -->
  </suite> <!-- smoke Suite -->
</testng-results>
